[2024-01-01 00:56:51,960] 	INFO 	20 	id_data.py 	<module>() 	ID Data Started
[2024-01-01 00:56:52,366] 	INFO 	31 	id_data.py 	<module>() 	ID Data Ended
[2024-01-01 00:56:53,150] 	INFO 	24 	day_data.py 	<module>() 	Day Data Fusion Started
[2024-01-01 00:56:56,663] 	INFO 	71 	day_data.py 	<module>() 	Day Data Fusion Ended
[2024-01-01 00:56:58,409] 	INFO 	35 	pair_data.py 	<module>() 	Pair Data Fusion Started
[2024-01-01 00:57:15,627] 	INFO 	101 	pair_data.py 	<module>() 	Pair Data Fusion Ended
[2024-01-01 00:57:16,415] 	INFO 	36 	bribe_data.py 	<module>() 	Bribe Data Started
[2024-01-01 00:59:15,271] 	INFO 	157 	bribe_data.py 	<module>() 	Bribe Data Ended
[2024-01-01 00:59:16,053] 	INFO 	36 	fee_data.py 	<module>() 	Fee Data Started
[2024-01-01 01:00:45,666] 	INFO 	157 	fee_data.py 	<module>() 	Fee Data Ended
[2024-01-01 01:00:46,456] 	INFO 	37 	vote_data.py 	<module>() 	Vote Data Started
[2024-01-01 01:00:53,921] 	INFO 	116 	vote_data.py 	<module>() 	Vote Data Ended
[2024-01-01 01:00:54,714] 	INFO 	30 	revenue_data.py 	<module>() 	Revenue Data Started
[2024-01-01 01:00:59,907] 	INFO 	150 	revenue_data.py 	<module>() 	Revenue Data Ended
[2024-01-01 01:01:00,607] 	INFO 	20 	pool_data.py 	<module>() 	Pool Data Started
[2024-01-01 01:01:15,888] 	INFO 	80 	pool_data.py 	<module>() 	Pool Data Ended
[2024-01-01 02:01:02,711] 	INFO 	20 	id_data.py 	<module>() 	ID Data Started
[2024-01-01 02:01:03,018] 	INFO 	31 	id_data.py 	<module>() 	ID Data Ended
[2024-01-01 02:01:03,596] 	INFO 	24 	day_data.py 	<module>() 	Day Data Fusion Started
[2024-01-01 02:01:05,754] 	INFO 	71 	day_data.py 	<module>() 	Day Data Fusion Ended
[2024-01-01 02:01:06,550] 	INFO 	35 	pair_data.py 	<module>() 	Pair Data Fusion Started
[2024-01-01 02:01:25,862] 	INFO 	101 	pair_data.py 	<module>() 	Pair Data Fusion Ended
[2024-01-01 02:01:26,633] 	INFO 	36 	bribe_data.py 	<module>() 	Bribe Data Started
[2024-01-01 02:03:27,703] 	INFO 	157 	bribe_data.py 	<module>() 	Bribe Data Ended
[2024-01-01 02:03:28,515] 	INFO 	36 	fee_data.py 	<module>() 	Fee Data Started
[2024-01-01 02:04:59,707] 	INFO 	157 	fee_data.py 	<module>() 	Fee Data Ended
[2024-01-01 02:05:00,485] 	INFO 	37 	vote_data.py 	<module>() 	Vote Data Started
[2024-01-01 02:05:09,308] 	INFO 	116 	vote_data.py 	<module>() 	Vote Data Ended
[2024-01-01 02:05:10,094] 	INFO 	30 	revenue_data.py 	<module>() 	Revenue Data Started
[2024-01-01 02:05:15,527] 	INFO 	150 	revenue_data.py 	<module>() 	Revenue Data Ended
[2024-01-01 02:05:16,210] 	INFO 	20 	pool_data.py 	<module>() 	Pool Data Started
[2024-01-01 02:05:27,826] 	INFO 	80 	pool_data.py 	<module>() 	Pool Data Ended
