[2024-03-01 00:53:40,897] 	INFO 	20 	id_data.py 	<module>() 	ID Data Started
[2024-03-01 00:53:41,149] 	INFO 	31 	id_data.py 	<module>() 	ID Data Ended
[2024-03-01 00:53:41,900] 	INFO 	24 	day_data.py 	<module>() 	Day Data Fusion Started
[2024-03-01 00:53:44,601] 	INFO 	71 	day_data.py 	<module>() 	Day Data Fusion Ended
[2024-03-01 00:53:45,490] 	INFO 	35 	pair_data.py 	<module>() 	Pair Data Fusion Started
[2024-03-01 00:54:01,258] 	INFO 	101 	pair_data.py 	<module>() 	Pair Data Fusion Ended
[2024-03-01 00:54:02,044] 	INFO 	36 	bribe_data.py 	<module>() 	Bribe Data Started
[2024-03-01 00:56:32,036] 	INFO 	157 	bribe_data.py 	<module>() 	Bribe Data Ended
[2024-03-01 00:56:32,832] 	INFO 	36 	fee_data.py 	<module>() 	Fee Data Started
[2024-03-01 00:58:28,862] 	INFO 	157 	fee_data.py 	<module>() 	Fee Data Ended
[2024-03-01 00:58:29,654] 	INFO 	37 	vote_data.py 	<module>() 	Vote Data Started
[2024-03-01 00:58:38,924] 	INFO 	116 	vote_data.py 	<module>() 	Vote Data Ended
[2024-03-01 00:58:39,715] 	INFO 	30 	revenue_data.py 	<module>() 	Revenue Data Started
[2024-03-01 00:58:46,888] 	INFO 	150 	revenue_data.py 	<module>() 	Revenue Data Ended
[2024-03-01 01:51:44,384] 	INFO 	20 	id_data.py 	<module>() 	ID Data Started
[2024-03-01 01:51:45,176] 	INFO 	31 	id_data.py 	<module>() 	ID Data Ended
[2024-03-01 01:51:45,695] 	INFO 	24 	day_data.py 	<module>() 	Day Data Fusion Started
[2024-03-01 01:51:47,639] 	INFO 	71 	day_data.py 	<module>() 	Day Data Fusion Ended
[2024-03-01 01:51:48,524] 	INFO 	35 	pair_data.py 	<module>() 	Pair Data Fusion Started
[2024-03-01 01:52:07,920] 	INFO 	101 	pair_data.py 	<module>() 	Pair Data Fusion Ended
[2024-03-01 01:52:08,703] 	INFO 	36 	bribe_data.py 	<module>() 	Bribe Data Started
[2024-03-01 01:54:58,187] 	INFO 	157 	bribe_data.py 	<module>() 	Bribe Data Ended
[2024-03-01 01:54:58,974] 	INFO 	36 	fee_data.py 	<module>() 	Fee Data Started
[2024-03-01 01:57:54,759] 	INFO 	157 	fee_data.py 	<module>() 	Fee Data Ended
[2024-03-01 01:57:55,560] 	INFO 	37 	vote_data.py 	<module>() 	Vote Data Started
[2024-03-01 01:58:05,116] 	INFO 	116 	vote_data.py 	<module>() 	Vote Data Ended
[2024-03-01 01:58:05,908] 	INFO 	30 	revenue_data.py 	<module>() 	Revenue Data Started
[2024-03-01 01:58:12,631] 	INFO 	150 	revenue_data.py 	<module>() 	Revenue Data Ended
[2024-03-01 02:21:29,363] 	INFO 	20 	id_data.py 	<module>() 	ID Data Started
[2024-03-01 02:21:29,733] 	INFO 	31 	id_data.py 	<module>() 	ID Data Ended
[2024-03-01 02:21:30,289] 	INFO 	24 	day_data.py 	<module>() 	Day Data Fusion Started
[2024-03-01 02:21:33,125] 	INFO 	71 	day_data.py 	<module>() 	Day Data Fusion Ended
[2024-03-01 02:21:33,985] 	INFO 	35 	pair_data.py 	<module>() 	Pair Data Fusion Started
[2024-03-01 02:21:50,809] 	INFO 	101 	pair_data.py 	<module>() 	Pair Data Fusion Ended
[2024-03-01 02:21:51,572] 	INFO 	36 	bribe_data.py 	<module>() 	Bribe Data Started
[2024-03-01 02:24:17,025] 	INFO 	157 	bribe_data.py 	<module>() 	Bribe Data Ended
[2024-03-01 02:24:17,797] 	INFO 	36 	fee_data.py 	<module>() 	Fee Data Started
[2024-03-01 02:26:05,617] 	INFO 	157 	fee_data.py 	<module>() 	Fee Data Ended
[2024-03-01 02:26:06,386] 	INFO 	37 	vote_data.py 	<module>() 	Vote Data Started
[2024-03-01 02:26:17,392] 	INFO 	116 	vote_data.py 	<module>() 	Vote Data Ended
[2024-03-01 02:26:18,169] 	INFO 	30 	revenue_data.py 	<module>() 	Revenue Data Started
[2024-03-01 02:26:24,282] 	INFO 	150 	revenue_data.py 	<module>() 	Revenue Data Ended
[2024-03-01 02:36:53,815] 	INFO 	20 	id_data.py 	<module>() 	ID Data Started
[2024-03-01 02:36:54,681] 	INFO 	31 	id_data.py 	<module>() 	ID Data Ended
[2024-03-01 02:36:55,192] 	INFO 	24 	day_data.py 	<module>() 	Day Data Fusion Started
[2024-03-01 02:36:57,842] 	INFO 	71 	day_data.py 	<module>() 	Day Data Fusion Ended
[2024-03-01 02:36:58,791] 	INFO 	35 	pair_data.py 	<module>() 	Pair Data Fusion Started
[2024-03-01 02:37:15,449] 	INFO 	101 	pair_data.py 	<module>() 	Pair Data Fusion Ended
[2024-03-01 02:37:16,232] 	INFO 	36 	bribe_data.py 	<module>() 	Bribe Data Started
[2024-03-01 02:39:40,086] 	INFO 	157 	bribe_data.py 	<module>() 	Bribe Data Ended
[2024-03-01 02:39:40,879] 	INFO 	36 	fee_data.py 	<module>() 	Fee Data Started
[2024-03-01 02:41:32,102] 	INFO 	157 	fee_data.py 	<module>() 	Fee Data Ended
[2024-03-01 02:41:32,881] 	INFO 	37 	vote_data.py 	<module>() 	Vote Data Started
[2024-03-01 02:41:42,346] 	INFO 	116 	vote_data.py 	<module>() 	Vote Data Ended
[2024-03-01 02:41:43,140] 	INFO 	30 	revenue_data.py 	<module>() 	Revenue Data Started
[2024-03-01 02:41:48,741] 	INFO 	150 	revenue_data.py 	<module>() 	Revenue Data Ended
[2024-03-01 02:49:05,170] 	INFO 	20 	id_data.py 	<module>() 	ID Data Started
[2024-03-01 02:49:05,704] 	INFO 	31 	id_data.py 	<module>() 	ID Data Ended
[2024-03-01 02:49:06,345] 	INFO 	24 	day_data.py 	<module>() 	Day Data Fusion Started
[2024-03-01 02:49:08,121] 	INFO 	71 	day_data.py 	<module>() 	Day Data Fusion Ended
[2024-03-01 02:49:09,100] 	INFO 	35 	pair_data.py 	<module>() 	Pair Data Fusion Started
[2024-03-01 02:49:22,767] 	INFO 	101 	pair_data.py 	<module>() 	Pair Data Fusion Ended
[2024-03-01 02:49:23,544] 	INFO 	36 	bribe_data.py 	<module>() 	Bribe Data Started
[2024-03-01 02:51:47,508] 	INFO 	157 	bribe_data.py 	<module>() 	Bribe Data Ended
[2024-03-01 02:51:48,298] 	INFO 	36 	fee_data.py 	<module>() 	Fee Data Started
[2024-03-01 02:53:34,324] 	INFO 	157 	fee_data.py 	<module>() 	Fee Data Ended
[2024-03-01 02:53:35,124] 	INFO 	37 	vote_data.py 	<module>() 	Vote Data Started
[2024-03-01 02:53:44,283] 	INFO 	116 	vote_data.py 	<module>() 	Vote Data Ended
[2024-03-01 02:53:45,091] 	INFO 	30 	revenue_data.py 	<module>() 	Revenue Data Started
[2024-03-01 02:53:50,148] 	INFO 	150 	revenue_data.py 	<module>() 	Revenue Data Ended
[2024-03-01 03:14:25,071] 	INFO 	20 	id_data.py 	<module>() 	ID Data Started
[2024-03-01 03:14:25,427] 	INFO 	31 	id_data.py 	<module>() 	ID Data Ended
[2024-03-01 03:14:25,982] 	INFO 	24 	day_data.py 	<module>() 	Day Data Fusion Started
[2024-03-01 03:14:28,601] 	INFO 	71 	day_data.py 	<module>() 	Day Data Fusion Ended
[2024-03-01 03:14:29,444] 	INFO 	35 	pair_data.py 	<module>() 	Pair Data Fusion Started
[2024-03-01 03:14:46,849] 	INFO 	101 	pair_data.py 	<module>() 	Pair Data Fusion Ended
[2024-03-01 03:14:47,644] 	INFO 	36 	bribe_data.py 	<module>() 	Bribe Data Started
[2024-03-01 03:17:19,867] 	INFO 	157 	bribe_data.py 	<module>() 	Bribe Data Ended
[2024-03-01 03:17:20,668] 	INFO 	36 	fee_data.py 	<module>() 	Fee Data Started
[2024-03-01 03:19:12,962] 	INFO 	157 	fee_data.py 	<module>() 	Fee Data Ended
[2024-03-01 03:19:13,768] 	INFO 	37 	vote_data.py 	<module>() 	Vote Data Started
[2024-03-01 03:19:23,170] 	INFO 	116 	vote_data.py 	<module>() 	Vote Data Ended
[2024-03-01 03:19:24,010] 	INFO 	30 	revenue_data.py 	<module>() 	Revenue Data Started
[2024-03-01 03:19:29,540] 	INFO 	150 	revenue_data.py 	<module>() 	Revenue Data Ended
[2024-03-01 03:28:12,442] 	INFO 	20 	id_data.py 	<module>() 	ID Data Started
[2024-03-01 03:28:13,058] 	INFO 	31 	id_data.py 	<module>() 	ID Data Ended
[2024-03-01 03:28:13,644] 	INFO 	24 	day_data.py 	<module>() 	Day Data Fusion Started
[2024-03-01 03:28:16,123] 	INFO 	71 	day_data.py 	<module>() 	Day Data Fusion Ended
[2024-03-01 03:28:17,035] 	INFO 	35 	pair_data.py 	<module>() 	Pair Data Fusion Started
[2024-03-01 03:28:34,294] 	INFO 	101 	pair_data.py 	<module>() 	Pair Data Fusion Ended
[2024-03-01 03:28:35,089] 	INFO 	36 	bribe_data.py 	<module>() 	Bribe Data Started
[2024-03-01 03:31:17,048] 	INFO 	157 	bribe_data.py 	<module>() 	Bribe Data Ended
[2024-03-01 03:31:17,836] 	INFO 	36 	fee_data.py 	<module>() 	Fee Data Started
[2024-03-01 03:33:26,118] 	INFO 	157 	fee_data.py 	<module>() 	Fee Data Ended
[2024-03-01 03:33:26,959] 	INFO 	37 	vote_data.py 	<module>() 	Vote Data Started
[2024-03-01 03:33:37,304] 	INFO 	116 	vote_data.py 	<module>() 	Vote Data Ended
[2024-03-01 03:33:38,160] 	INFO 	30 	revenue_data.py 	<module>() 	Revenue Data Started
[2024-03-01 03:33:44,146] 	INFO 	150 	revenue_data.py 	<module>() 	Revenue Data Ended
[2024-03-01 03:38:14,813] 	INFO 	20 	id_data.py 	<module>() 	ID Data Started
[2024-03-01 03:38:15,164] 	INFO 	31 	id_data.py 	<module>() 	ID Data Ended
[2024-03-01 03:38:15,811] 	INFO 	24 	day_data.py 	<module>() 	Day Data Fusion Started
[2024-03-01 03:38:17,580] 	INFO 	71 	day_data.py 	<module>() 	Day Data Fusion Ended
[2024-03-01 03:38:18,716] 	INFO 	35 	pair_data.py 	<module>() 	Pair Data Fusion Started
[2024-03-01 03:38:30,896] 	INFO 	101 	pair_data.py 	<module>() 	Pair Data Fusion Ended
[2024-03-01 03:38:31,692] 	INFO 	36 	bribe_data.py 	<module>() 	Bribe Data Started
[2024-03-01 03:41:03,236] 	INFO 	157 	bribe_data.py 	<module>() 	Bribe Data Ended
[2024-03-01 03:41:04,039] 	INFO 	36 	fee_data.py 	<module>() 	Fee Data Started
[2024-03-01 03:42:55,161] 	INFO 	157 	fee_data.py 	<module>() 	Fee Data Ended
[2024-03-01 03:42:55,950] 	INFO 	37 	vote_data.py 	<module>() 	Vote Data Started
[2024-03-01 03:43:04,942] 	INFO 	116 	vote_data.py 	<module>() 	Vote Data Ended
[2024-03-01 03:43:05,736] 	INFO 	30 	revenue_data.py 	<module>() 	Revenue Data Started
[2024-03-01 03:44:20,757] 	ERROR 	152 	revenue_data.py 	<module>() 	Error occurred during Revenue Data process. Error: {'code': 500, 'message': 'Internal error encountered.', 'status': 'INTERNAL'}
Traceback (most recent call last):
  File "revenue_data.py", line 137, in <module>
    gs = gc.open_by_key(sheetkey)
  File "/opt/hostedtoolcache/Python/3.8.18/x64/lib/python3.8/site-packages/gspread/client.py", line 170, in open_by_key
    return Spreadsheet(self, {"id": key})
  File "/opt/hostedtoolcache/Python/3.8.18/x64/lib/python3.8/site-packages/gspread/spreadsheet.py", line 34, in __init__
    metadata = self.fetch_sheet_metadata()
  File "/opt/hostedtoolcache/Python/3.8.18/x64/lib/python3.8/site-packages/gspread/spreadsheet.py", line 254, in fetch_sheet_metadata
    r = self.client.request("get", url, params=params)
  File "/opt/hostedtoolcache/Python/3.8.18/x64/lib/python3.8/site-packages/gspread/client.py", line 92, in request
    raise APIError(response)
gspread.exceptions.APIError: {'code': 500, 'message': 'Internal error encountered.', 'status': 'INTERNAL'}
[2024-03-01 03:49:08,364] 	INFO 	20 	id_data.py 	<module>() 	ID Data Started
[2024-03-01 03:49:08,723] 	INFO 	31 	id_data.py 	<module>() 	ID Data Ended
[2024-03-01 03:49:09,384] 	INFO 	24 	day_data.py 	<module>() 	Day Data Fusion Started
[2024-03-01 03:49:10,963] 	INFO 	71 	day_data.py 	<module>() 	Day Data Fusion Ended
[2024-03-01 03:49:11,917] 	INFO 	35 	pair_data.py 	<module>() 	Pair Data Fusion Started
[2024-03-01 03:49:27,383] 	INFO 	101 	pair_data.py 	<module>() 	Pair Data Fusion Ended
[2024-03-01 03:49:28,156] 	INFO 	36 	bribe_data.py 	<module>() 	Bribe Data Started
[2024-03-01 03:52:07,620] 	INFO 	157 	bribe_data.py 	<module>() 	Bribe Data Ended
[2024-03-01 03:52:08,401] 	INFO 	36 	fee_data.py 	<module>() 	Fee Data Started
[2024-03-01 03:54:07,185] 	INFO 	157 	fee_data.py 	<module>() 	Fee Data Ended
[2024-03-01 03:54:07,964] 	INFO 	37 	vote_data.py 	<module>() 	Vote Data Started
[2024-03-01 03:54:17,987] 	INFO 	116 	vote_data.py 	<module>() 	Vote Data Ended
[2024-03-01 03:54:18,775] 	INFO 	30 	revenue_data.py 	<module>() 	Revenue Data Started
[2024-03-01 03:54:24,425] 	INFO 	150 	revenue_data.py 	<module>() 	Revenue Data Ended
[2024-03-01 04:14:06,392] 	INFO 	20 	id_data.py 	<module>() 	ID Data Started
[2024-03-01 04:14:07,037] 	INFO 	31 	id_data.py 	<module>() 	ID Data Ended
[2024-03-01 04:14:07,747] 	INFO 	24 	day_data.py 	<module>() 	Day Data Fusion Started
[2024-03-01 04:14:10,321] 	INFO 	71 	day_data.py 	<module>() 	Day Data Fusion Ended
[2024-03-01 04:14:11,159] 	INFO 	35 	pair_data.py 	<module>() 	Pair Data Fusion Started
[2024-03-01 04:14:27,844] 	INFO 	101 	pair_data.py 	<module>() 	Pair Data Fusion Ended
[2024-03-01 04:14:28,653] 	INFO 	36 	bribe_data.py 	<module>() 	Bribe Data Started
[2024-03-01 04:17:05,037] 	INFO 	157 	bribe_data.py 	<module>() 	Bribe Data Ended
[2024-03-01 04:17:05,853] 	INFO 	36 	fee_data.py 	<module>() 	Fee Data Started
[2024-03-01 04:19:01,961] 	INFO 	157 	fee_data.py 	<module>() 	Fee Data Ended
[2024-03-01 04:19:02,771] 	INFO 	37 	vote_data.py 	<module>() 	Vote Data Started
[2024-03-01 04:19:12,875] 	INFO 	116 	vote_data.py 	<module>() 	Vote Data Ended
[2024-03-01 04:19:13,702] 	INFO 	30 	revenue_data.py 	<module>() 	Revenue Data Started
[2024-03-01 04:19:19,923] 	INFO 	150 	revenue_data.py 	<module>() 	Revenue Data Ended
[2024-03-01 04:28:37,022] 	INFO 	20 	id_data.py 	<module>() 	ID Data Started
[2024-03-01 04:28:37,545] 	INFO 	31 	id_data.py 	<module>() 	ID Data Ended
[2024-03-01 04:28:38,242] 	INFO 	24 	day_data.py 	<module>() 	Day Data Fusion Started
[2024-03-01 04:28:39,847] 	INFO 	71 	day_data.py 	<module>() 	Day Data Fusion Ended
[2024-03-01 04:28:40,823] 	INFO 	35 	pair_data.py 	<module>() 	Pair Data Fusion Started
[2024-03-01 04:28:52,592] 	INFO 	101 	pair_data.py 	<module>() 	Pair Data Fusion Ended
[2024-03-01 04:28:53,369] 	INFO 	36 	bribe_data.py 	<module>() 	Bribe Data Started
[2024-03-01 04:31:06,700] 	INFO 	157 	bribe_data.py 	<module>() 	Bribe Data Ended
[2024-03-01 04:31:07,475] 	INFO 	36 	fee_data.py 	<module>() 	Fee Data Started
[2024-03-01 04:32:52,362] 	INFO 	157 	fee_data.py 	<module>() 	Fee Data Ended
[2024-03-01 04:32:53,137] 	INFO 	37 	vote_data.py 	<module>() 	Vote Data Started
[2024-03-01 04:33:01,963] 	INFO 	116 	vote_data.py 	<module>() 	Vote Data Ended
[2024-03-01 04:33:02,747] 	INFO 	30 	revenue_data.py 	<module>() 	Revenue Data Started
[2024-03-01 04:33:08,719] 	INFO 	150 	revenue_data.py 	<module>() 	Revenue Data Ended
[2024-03-01 04:37:29,933] 	INFO 	20 	id_data.py 	<module>() 	ID Data Started
[2024-03-01 04:37:30,346] 	INFO 	31 	id_data.py 	<module>() 	ID Data Ended
[2024-03-01 04:37:30,989] 	INFO 	24 	day_data.py 	<module>() 	Day Data Fusion Started
[2024-03-01 04:37:33,326] 	INFO 	71 	day_data.py 	<module>() 	Day Data Fusion Ended
[2024-03-01 04:37:34,479] 	INFO 	35 	pair_data.py 	<module>() 	Pair Data Fusion Started
[2024-03-01 04:37:50,431] 	INFO 	101 	pair_data.py 	<module>() 	Pair Data Fusion Ended
[2024-03-01 04:37:51,201] 	INFO 	36 	bribe_data.py 	<module>() 	Bribe Data Started
[2024-03-01 04:40:37,554] 	INFO 	157 	bribe_data.py 	<module>() 	Bribe Data Ended
[2024-03-01 04:40:38,352] 	INFO 	36 	fee_data.py 	<module>() 	Fee Data Started
[2024-03-01 04:42:38,941] 	INFO 	157 	fee_data.py 	<module>() 	Fee Data Ended
[2024-03-01 04:42:39,718] 	INFO 	37 	vote_data.py 	<module>() 	Vote Data Started
[2024-03-01 04:42:49,746] 	INFO 	116 	vote_data.py 	<module>() 	Vote Data Ended
[2024-03-01 04:42:50,545] 	INFO 	30 	revenue_data.py 	<module>() 	Revenue Data Started
[2024-03-01 04:42:56,262] 	INFO 	150 	revenue_data.py 	<module>() 	Revenue Data Ended
