[2024-04-01 00:54:52,584] 	INFO 	20 	id_data.py 	<module>() 	ID Data Started
[2024-04-01 00:54:52,876] 	INFO 	31 	id_data.py 	<module>() 	ID Data Ended
[2024-04-01 00:54:53,609] 	INFO 	24 	day_data.py 	<module>() 	Day Data Fusion Started
[2024-04-01 00:54:55,424] 	INFO 	71 	day_data.py 	<module>() 	Day Data Fusion Ended
[2024-04-01 00:54:56,408] 	INFO 	35 	pair_data.py 	<module>() 	Pair Data Fusion Started
[2024-04-01 00:55:11,240] 	INFO 	101 	pair_data.py 	<module>() 	Pair Data Fusion Ended
[2024-04-01 00:55:12,019] 	INFO 	36 	bribe_data.py 	<module>() 	Bribe Data Started
[2024-04-01 00:57:59,223] 	INFO 	157 	bribe_data.py 	<module>() 	Bribe Data Ended
[2024-04-01 00:58:00,020] 	INFO 	36 	fee_data.py 	<module>() 	Fee Data Started
[2024-04-01 01:00:21,042] 	INFO 	157 	fee_data.py 	<module>() 	Fee Data Ended
[2024-04-01 01:00:21,845] 	INFO 	37 	vote_data.py 	<module>() 	Vote Data Started
[2024-04-01 01:00:34,637] 	INFO 	116 	vote_data.py 	<module>() 	Vote Data Ended
[2024-04-01 01:00:35,441] 	INFO 	30 	revenue_data.py 	<module>() 	Revenue Data Started
[2024-04-01 01:00:42,185] 	INFO 	150 	revenue_data.py 	<module>() 	Revenue Data Ended
[2024-04-01 01:56:52,152] 	INFO 	20 	id_data.py 	<module>() 	ID Data Started
[2024-04-01 01:56:52,363] 	INFO 	31 	id_data.py 	<module>() 	ID Data Ended
[2024-04-01 01:56:52,971] 	INFO 	24 	day_data.py 	<module>() 	Day Data Fusion Started
[2024-04-01 01:56:54,739] 	INFO 	71 	day_data.py 	<module>() 	Day Data Fusion Ended
[2024-04-01 01:56:55,776] 	INFO 	35 	pair_data.py 	<module>() 	Pair Data Fusion Started
[2024-04-01 01:57:11,152] 	INFO 	101 	pair_data.py 	<module>() 	Pair Data Fusion Ended
[2024-04-01 01:57:11,927] 	INFO 	36 	bribe_data.py 	<module>() 	Bribe Data Started
[2024-04-01 01:59:58,207] 	INFO 	157 	bribe_data.py 	<module>() 	Bribe Data Ended
[2024-04-01 01:59:58,977] 	INFO 	36 	fee_data.py 	<module>() 	Fee Data Started
[2024-04-01 02:02:07,348] 	INFO 	157 	fee_data.py 	<module>() 	Fee Data Ended
[2024-04-01 02:02:08,119] 	INFO 	37 	vote_data.py 	<module>() 	Vote Data Started
[2024-04-01 02:02:19,124] 	INFO 	116 	vote_data.py 	<module>() 	Vote Data Ended
[2024-04-01 02:02:19,896] 	INFO 	30 	revenue_data.py 	<module>() 	Revenue Data Started
[2024-04-01 02:02:27,998] 	INFO 	150 	revenue_data.py 	<module>() 	Revenue Data Ended
[2024-04-01 02:27:21,397] 	INFO 	20 	id_data.py 	<module>() 	ID Data Started
[2024-04-01 02:27:21,593] 	INFO 	31 	id_data.py 	<module>() 	ID Data Ended
[2024-04-01 02:27:22,382] 	INFO 	24 	day_data.py 	<module>() 	Day Data Fusion Started
[2024-04-01 02:27:24,096] 	INFO 	71 	day_data.py 	<module>() 	Day Data Fusion Ended
[2024-04-01 02:27:25,227] 	INFO 	35 	pair_data.py 	<module>() 	Pair Data Fusion Started
[2024-04-01 02:27:42,971] 	INFO 	101 	pair_data.py 	<module>() 	Pair Data Fusion Ended
[2024-04-01 02:27:43,750] 	INFO 	36 	bribe_data.py 	<module>() 	Bribe Data Started
[2024-04-01 02:29:57,112] 	INFO 	157 	bribe_data.py 	<module>() 	Bribe Data Ended
[2024-04-01 02:29:57,892] 	INFO 	36 	fee_data.py 	<module>() 	Fee Data Started
[2024-04-01 02:31:34,931] 	INFO 	157 	fee_data.py 	<module>() 	Fee Data Ended
[2024-04-01 02:31:35,710] 	INFO 	37 	vote_data.py 	<module>() 	Vote Data Started
[2024-04-01 02:31:43,833] 	INFO 	116 	vote_data.py 	<module>() 	Vote Data Ended
[2024-04-01 02:31:44,615] 	INFO 	30 	revenue_data.py 	<module>() 	Revenue Data Started
[2024-04-01 02:31:51,464] 	INFO 	150 	revenue_data.py 	<module>() 	Revenue Data Ended
