[2024-05-01 00:55:18,567] 	INFO 	20 	id_data.py 	<module>() 	ID Data Started
[2024-05-01 00:55:19,206] 	INFO 	31 	id_data.py 	<module>() 	ID Data Ended
[2024-05-01 00:55:19,918] 	INFO 	24 	day_data.py 	<module>() 	Day Data Fusion Started
[2024-05-01 00:55:23,104] 	INFO 	71 	day_data.py 	<module>() 	Day Data Fusion Ended
[2024-05-01 00:55:24,424] 	INFO 	35 	pair_data.py 	<module>() 	Pair Data Fusion Started
[2024-05-01 00:55:43,153] 	INFO 	101 	pair_data.py 	<module>() 	Pair Data Fusion Ended
[2024-05-01 00:55:43,956] 	INFO 	36 	bribe_data.py 	<module>() 	Bribe Data Started
[2024-05-01 01:00:44,460] 	INFO 	157 	bribe_data.py 	<module>() 	Bribe Data Ended
[2024-05-01 01:00:45,260] 	INFO 	36 	fee_data.py 	<module>() 	Fee Data Started
[2024-05-01 01:04:35,087] 	INFO 	157 	fee_data.py 	<module>() 	Fee Data Ended
[2024-05-01 01:04:35,889] 	INFO 	37 	vote_data.py 	<module>() 	Vote Data Started
[2024-05-01 01:04:52,528] 	INFO 	116 	vote_data.py 	<module>() 	Vote Data Ended
[2024-05-01 01:04:53,330] 	INFO 	30 	revenue_data.py 	<module>() 	Revenue Data Started
[2024-05-01 01:05:04,769] 	INFO 	150 	revenue_data.py 	<module>() 	Revenue Data Ended
[2024-05-01 01:56:13,424] 	INFO 	20 	id_data.py 	<module>() 	ID Data Started
[2024-05-01 01:56:13,731] 	INFO 	31 	id_data.py 	<module>() 	ID Data Ended
[2024-05-01 01:56:14,423] 	INFO 	24 	day_data.py 	<module>() 	Day Data Fusion Started
[2024-05-01 01:56:16,244] 	INFO 	71 	day_data.py 	<module>() 	Day Data Fusion Ended
[2024-05-01 01:56:17,483] 	INFO 	35 	pair_data.py 	<module>() 	Pair Data Fusion Started
[2024-05-01 01:56:34,662] 	INFO 	101 	pair_data.py 	<module>() 	Pair Data Fusion Ended
[2024-05-01 01:56:35,475] 	INFO 	36 	bribe_data.py 	<module>() 	Bribe Data Started
[2024-05-01 01:59:06,146] 	INFO 	157 	bribe_data.py 	<module>() 	Bribe Data Ended
[2024-05-01 01:59:06,963] 	INFO 	36 	fee_data.py 	<module>() 	Fee Data Started
[2024-05-01 02:01:08,191] 	INFO 	157 	fee_data.py 	<module>() 	Fee Data Ended
[2024-05-01 02:01:09,006] 	INFO 	37 	vote_data.py 	<module>() 	Vote Data Started
[2024-05-01 02:01:18,950] 	INFO 	116 	vote_data.py 	<module>() 	Vote Data Ended
[2024-05-01 02:01:19,769] 	INFO 	30 	revenue_data.py 	<module>() 	Revenue Data Started
[2024-05-01 02:01:28,857] 	INFO 	150 	revenue_data.py 	<module>() 	Revenue Data Ended
