[2024-06-01 01:33:38,497] 	INFO 	20 	id_data.py 	<module>() 	ID Data Started
[2024-06-01 01:33:38,957] 	INFO 	31 	id_data.py 	<module>() 	ID Data Ended
[2024-06-01 01:33:39,518] 	INFO 	24 	day_data.py 	<module>() 	Day Data Fusion Started
[2024-06-01 01:33:41,528] 	INFO 	71 	day_data.py 	<module>() 	Day Data Fusion Ended
[2024-06-01 01:33:42,339] 	INFO 	35 	pair_data.py 	<module>() 	Pair Data Fusion Started
[2024-06-01 01:34:03,353] 	INFO 	101 	pair_data.py 	<module>() 	Pair Data Fusion Ended
[2024-06-01 01:34:04,132] 	INFO 	36 	bribe_data.py 	<module>() 	Bribe Data Started
[2024-06-01 01:37:21,618] 	INFO 	157 	bribe_data.py 	<module>() 	Bribe Data Ended
[2024-06-01 01:37:22,401] 	INFO 	36 	fee_data.py 	<module>() 	Fee Data Started
[2024-06-01 01:39:34,819] 	INFO 	157 	fee_data.py 	<module>() 	Fee Data Ended
[2024-06-01 01:39:35,605] 	INFO 	37 	vote_data.py 	<module>() 	Vote Data Started
[2024-06-01 01:39:47,807] 	INFO 	116 	vote_data.py 	<module>() 	Vote Data Ended
[2024-06-01 01:39:48,594] 	INFO 	30 	revenue_data.py 	<module>() 	Revenue Data Started
[2024-06-01 01:39:55,896] 	INFO 	150 	revenue_data.py 	<module>() 	Revenue Data Ended
[2024-06-01 02:36:44,535] 	INFO 	20 	id_data.py 	<module>() 	ID Data Started
[2024-06-01 02:36:44,784] 	INFO 	31 	id_data.py 	<module>() 	ID Data Ended
[2024-06-01 02:36:45,353] 	INFO 	24 	day_data.py 	<module>() 	Day Data Fusion Started
[2024-06-01 02:36:48,155] 	INFO 	71 	day_data.py 	<module>() 	Day Data Fusion Ended
[2024-06-01 02:36:49,107] 	INFO 	35 	pair_data.py 	<module>() 	Pair Data Fusion Started
[2024-06-01 02:37:14,209] 	INFO 	101 	pair_data.py 	<module>() 	Pair Data Fusion Ended
[2024-06-01 02:37:14,978] 	INFO 	36 	bribe_data.py 	<module>() 	Bribe Data Started
[2024-06-01 02:41:26,629] 	INFO 	157 	bribe_data.py 	<module>() 	Bribe Data Ended
[2024-06-01 02:41:27,408] 	INFO 	36 	fee_data.py 	<module>() 	Fee Data Started
[2024-06-01 02:44:48,579] 	INFO 	157 	fee_data.py 	<module>() 	Fee Data Ended
[2024-06-01 02:44:49,370] 	INFO 	37 	vote_data.py 	<module>() 	Vote Data Started
[2024-06-01 02:45:06,496] 	INFO 	116 	vote_data.py 	<module>() 	Vote Data Ended
[2024-06-01 02:45:07,280] 	INFO 	30 	revenue_data.py 	<module>() 	Revenue Data Started
[2024-06-01 02:45:13,576] 	INFO 	150 	revenue_data.py 	<module>() 	Revenue Data Ended
[2024-06-01 03:23:16,487] 	INFO 	20 	id_data.py 	<module>() 	ID Data Started
[2024-06-01 03:23:16,672] 	INFO 	31 	id_data.py 	<module>() 	ID Data Ended
[2024-06-01 03:23:17,206] 	INFO 	24 	day_data.py 	<module>() 	Day Data Fusion Started
[2024-06-01 03:23:19,450] 	INFO 	71 	day_data.py 	<module>() 	Day Data Fusion Ended
[2024-06-01 03:23:20,454] 	INFO 	35 	pair_data.py 	<module>() 	Pair Data Fusion Started
[2024-06-01 03:23:45,798] 	INFO 	101 	pair_data.py 	<module>() 	Pair Data Fusion Ended
[2024-06-01 03:23:46,620] 	INFO 	36 	bribe_data.py 	<module>() 	Bribe Data Started
[2024-06-01 03:24:45,282] 	ERROR 	159 	bribe_data.py 	<module>() 	Error occurred during Bribe Data process. Error: {'code': 0, 'message': "we can't execute this request"}
Traceback (most recent call last):
  File "bribe_data.py", line 80, in <module>
    rewarddata = contract_instance.functions.rewardData(
  File "/opt/hostedtoolcache/Python/3.8.18/x64/lib/python3.8/site-packages/web3/contract.py", line 970, in call
    return call_contract_function(
  File "/opt/hostedtoolcache/Python/3.8.18/x64/lib/python3.8/site-packages/web3/contract.py", line 1525, in call_contract_function
    return_data = web3.eth.call(
  File "/opt/hostedtoolcache/Python/3.8.18/x64/lib/python3.8/site-packages/web3/module.py", line 57, in caller
    result = w3.manager.request_blocking(method_str,
  File "/opt/hostedtoolcache/Python/3.8.18/x64/lib/python3.8/site-packages/web3/manager.py", line 198, in request_blocking
    return self.formatted_response(response,
  File "/opt/hostedtoolcache/Python/3.8.18/x64/lib/python3.8/site-packages/web3/manager.py", line 171, in formatted_response
    raise ValueError(response["error"])
ValueError: {'code': 0, 'message': "we can't execute this request"}
[2024-06-01 03:24:46,142] 	INFO 	36 	fee_data.py 	<module>() 	Fee Data Started
[2024-06-01 03:24:46,285] 	ERROR 	159 	fee_data.py 	<module>() 	Error occurred during Fee Data process. Error: {'code': 0, 'message': "we can't execute this request"}
Traceback (most recent call last):
  File "fee_data.py", line 71, in <module>
    rewardsListLength = contract_instance.functions.rewardsListLength().call()
  File "/opt/hostedtoolcache/Python/3.8.18/x64/lib/python3.8/site-packages/web3/contract.py", line 970, in call
    return call_contract_function(
  File "/opt/hostedtoolcache/Python/3.8.18/x64/lib/python3.8/site-packages/web3/contract.py", line 1525, in call_contract_function
    return_data = web3.eth.call(
  File "/opt/hostedtoolcache/Python/3.8.18/x64/lib/python3.8/site-packages/web3/module.py", line 57, in caller
    result = w3.manager.request_blocking(method_str,
  File "/opt/hostedtoolcache/Python/3.8.18/x64/lib/python3.8/site-packages/web3/manager.py", line 198, in request_blocking
    return self.formatted_response(response,
  File "/opt/hostedtoolcache/Python/3.8.18/x64/lib/python3.8/site-packages/web3/manager.py", line 171, in formatted_response
    raise ValueError(response["error"])
ValueError: {'code': 0, 'message': "we can't execute this request"}
[2024-06-01 03:24:47,167] 	INFO 	37 	vote_data.py 	<module>() 	Vote Data Started
[2024-06-01 03:24:47,461] 	ERROR 	118 	vote_data.py 	<module>() 	Error occurred during Vote Data process. Error: {'code': 0, 'message': "we can't execute this request"}
Traceback (most recent call last):
  File "vote_data.py", line 79, in <module>
    contract_instance.functions.totalSupplyAt(timestamp).call()
  File "/opt/hostedtoolcache/Python/3.8.18/x64/lib/python3.8/site-packages/web3/contract.py", line 970, in call
    return call_contract_function(
  File "/opt/hostedtoolcache/Python/3.8.18/x64/lib/python3.8/site-packages/web3/contract.py", line 1525, in call_contract_function
    return_data = web3.eth.call(
  File "/opt/hostedtoolcache/Python/3.8.18/x64/lib/python3.8/site-packages/web3/module.py", line 57, in caller
    result = w3.manager.request_blocking(method_str,
  File "/opt/hostedtoolcache/Python/3.8.18/x64/lib/python3.8/site-packages/web3/manager.py", line 198, in request_blocking
    return self.formatted_response(response,
  File "/opt/hostedtoolcache/Python/3.8.18/x64/lib/python3.8/site-packages/web3/manager.py", line 171, in formatted_response
    raise ValueError(response["error"])
ValueError: {'code': 0, 'message': "we can't execute this request"}
[2024-06-01 03:24:48,307] 	INFO 	30 	revenue_data.py 	<module>() 	Revenue Data Started
[2024-06-01 03:24:55,602] 	INFO 	150 	revenue_data.py 	<module>() 	Revenue Data Ended
[2024-06-01 03:39:25,212] 	INFO 	20 	id_data.py 	<module>() 	ID Data Started
[2024-06-01 03:39:25,529] 	INFO 	31 	id_data.py 	<module>() 	ID Data Ended
[2024-06-01 03:39:26,030] 	INFO 	24 	day_data.py 	<module>() 	Day Data Fusion Started
[2024-06-01 03:39:28,153] 	INFO 	71 	day_data.py 	<module>() 	Day Data Fusion Ended
[2024-06-01 03:39:29,156] 	INFO 	35 	pair_data.py 	<module>() 	Pair Data Fusion Started
[2024-06-01 03:39:51,381] 	INFO 	101 	pair_data.py 	<module>() 	Pair Data Fusion Ended
[2024-06-01 03:39:52,155] 	INFO 	36 	bribe_data.py 	<module>() 	Bribe Data Started
[2024-06-01 03:42:34,255] 	INFO 	157 	bribe_data.py 	<module>() 	Bribe Data Ended
[2024-06-01 03:42:35,038] 	INFO 	36 	fee_data.py 	<module>() 	Fee Data Started
[2024-06-01 03:44:31,233] 	INFO 	157 	fee_data.py 	<module>() 	Fee Data Ended
[2024-06-01 03:44:32,019] 	INFO 	37 	vote_data.py 	<module>() 	Vote Data Started
[2024-06-01 03:44:41,331] 	INFO 	116 	vote_data.py 	<module>() 	Vote Data Ended
[2024-06-01 03:44:42,107] 	INFO 	30 	revenue_data.py 	<module>() 	Revenue Data Started
[2024-06-01 03:44:48,136] 	INFO 	150 	revenue_data.py 	<module>() 	Revenue Data Ended
[2024-06-01 04:22:57,026] 	INFO 	20 	id_data.py 	<module>() 	ID Data Started
[2024-06-01 04:22:57,454] 	INFO 	31 	id_data.py 	<module>() 	ID Data Ended
[2024-06-01 04:22:58,075] 	INFO 	24 	day_data.py 	<module>() 	Day Data Fusion Started
[2024-06-01 04:23:01,115] 	INFO 	71 	day_data.py 	<module>() 	Day Data Fusion Ended
[2024-06-01 04:23:02,391] 	INFO 	35 	pair_data.py 	<module>() 	Pair Data Fusion Started
[2024-06-01 04:23:27,524] 	INFO 	101 	pair_data.py 	<module>() 	Pair Data Fusion Ended
[2024-06-01 04:23:28,310] 	INFO 	36 	bribe_data.py 	<module>() 	Bribe Data Started
[2024-06-01 04:27:07,437] 	INFO 	157 	bribe_data.py 	<module>() 	Bribe Data Ended
[2024-06-01 04:27:08,257] 	INFO 	36 	fee_data.py 	<module>() 	Fee Data Started
[2024-06-01 04:30:12,859] 	INFO 	157 	fee_data.py 	<module>() 	Fee Data Ended
[2024-06-01 04:30:13,655] 	INFO 	37 	vote_data.py 	<module>() 	Vote Data Started
[2024-06-01 04:30:25,717] 	INFO 	116 	vote_data.py 	<module>() 	Vote Data Ended
[2024-06-01 04:30:26,525] 	INFO 	30 	revenue_data.py 	<module>() 	Revenue Data Started
[2024-06-01 04:30:36,036] 	INFO 	150 	revenue_data.py 	<module>() 	Revenue Data Ended
[2024-06-01 04:38:53,893] 	INFO 	20 	id_data.py 	<module>() 	ID Data Started
[2024-06-01 04:38:54,103] 	INFO 	31 	id_data.py 	<module>() 	ID Data Ended
[2024-06-01 04:38:54,677] 	INFO 	24 	day_data.py 	<module>() 	Day Data Fusion Started
[2024-06-01 04:38:57,384] 	INFO 	71 	day_data.py 	<module>() 	Day Data Fusion Ended
[2024-06-01 04:38:58,350] 	INFO 	35 	pair_data.py 	<module>() 	Pair Data Fusion Started
[2024-06-01 04:39:15,302] 	INFO 	101 	pair_data.py 	<module>() 	Pair Data Fusion Ended
[2024-06-01 04:39:16,119] 	INFO 	36 	bribe_data.py 	<module>() 	Bribe Data Started
[2024-06-01 04:42:16,501] 	INFO 	157 	bribe_data.py 	<module>() 	Bribe Data Ended
[2024-06-01 04:42:17,303] 	INFO 	36 	fee_data.py 	<module>() 	Fee Data Started
[2024-06-01 04:44:26,820] 	INFO 	157 	fee_data.py 	<module>() 	Fee Data Ended
[2024-06-01 04:44:27,617] 	INFO 	37 	vote_data.py 	<module>() 	Vote Data Started
[2024-06-01 04:44:39,424] 	INFO 	116 	vote_data.py 	<module>() 	Vote Data Ended
[2024-06-01 04:44:40,231] 	INFO 	30 	revenue_data.py 	<module>() 	Revenue Data Started
[2024-06-01 04:44:46,580] 	INFO 	150 	revenue_data.py 	<module>() 	Revenue Data Ended
[2024-06-01 05:19:46,548] 	INFO 	20 	id_data.py 	<module>() 	ID Data Started
[2024-06-01 05:19:46,759] 	INFO 	31 	id_data.py 	<module>() 	ID Data Ended
[2024-06-01 05:19:47,417] 	INFO 	24 	day_data.py 	<module>() 	Day Data Fusion Started
[2024-06-01 05:19:50,487] 	INFO 	71 	day_data.py 	<module>() 	Day Data Fusion Ended
[2024-06-01 05:19:51,559] 	INFO 	35 	pair_data.py 	<module>() 	Pair Data Fusion Started
[2024-06-01 05:20:06,522] 	INFO 	101 	pair_data.py 	<module>() 	Pair Data Fusion Ended
[2024-06-01 05:20:07,306] 	INFO 	36 	bribe_data.py 	<module>() 	Bribe Data Started
[2024-06-01 05:22:59,606] 	INFO 	157 	bribe_data.py 	<module>() 	Bribe Data Ended
[2024-06-01 05:23:00,395] 	INFO 	36 	fee_data.py 	<module>() 	Fee Data Started
[2024-06-01 05:25:11,066] 	INFO 	157 	fee_data.py 	<module>() 	Fee Data Ended
[2024-06-01 05:25:11,852] 	INFO 	37 	vote_data.py 	<module>() 	Vote Data Started
[2024-06-01 05:25:23,815] 	INFO 	116 	vote_data.py 	<module>() 	Vote Data Ended
[2024-06-01 05:25:24,597] 	INFO 	30 	revenue_data.py 	<module>() 	Revenue Data Started
[2024-06-01 05:25:31,208] 	INFO 	150 	revenue_data.py 	<module>() 	Revenue Data Ended
