[2023-12-01 00:56:23,322] 	INFO 	20 	id_data.py 	<module>() 	ID Data Started
[2023-12-01 00:56:23,528] 	INFO 	31 	id_data.py 	<module>() 	ID Data Ended
[2023-12-01 00:56:24,087] 	INFO 	24 	day_data.py 	<module>() 	Day Data Fusion Started
[2023-12-01 00:56:26,821] 	INFO 	71 	day_data.py 	<module>() 	Day Data Fusion Ended
[2023-12-01 00:56:27,621] 	INFO 	35 	pair_data.py 	<module>() 	Pair Data Fusion Started
[2023-12-01 00:56:42,761] 	INFO 	101 	pair_data.py 	<module>() 	Pair Data Fusion Ended
[2023-12-01 00:56:43,557] 	INFO 	36 	bribe_data.py 	<module>() 	Bribe Data Started
[2023-12-01 00:59:00,694] 	INFO 	157 	bribe_data.py 	<module>() 	Bribe Data Ended
[2023-12-01 00:59:01,474] 	INFO 	36 	fee_data.py 	<module>() 	Fee Data Started
[2023-12-01 01:00:36,996] 	INFO 	157 	fee_data.py 	<module>() 	Fee Data Ended
[2023-12-01 01:00:37,785] 	INFO 	37 	vote_data.py 	<module>() 	Vote Data Started
[2023-12-01 01:00:45,577] 	INFO 	116 	vote_data.py 	<module>() 	Vote Data Ended
[2023-12-01 01:00:46,399] 	INFO 	30 	revenue_data.py 	<module>() 	Revenue Data Started
[2023-12-01 01:00:57,748] 	INFO 	150 	revenue_data.py 	<module>() 	Revenue Data Ended
[2023-12-01 01:00:58,439] 	INFO 	20 	pool_data.py 	<module>() 	Pool Data Started
[2023-12-01 01:01:37,422] 	INFO 	80 	pool_data.py 	<module>() 	Pool Data Ended
[2023-12-01 02:01:10,114] 	INFO 	20 	id_data.py 	<module>() 	ID Data Started
[2023-12-01 02:01:10,504] 	INFO 	31 	id_data.py 	<module>() 	ID Data Ended
[2023-12-01 02:01:11,099] 	INFO 	24 	day_data.py 	<module>() 	Day Data Fusion Started
[2023-12-01 02:01:12,773] 	INFO 	71 	day_data.py 	<module>() 	Day Data Fusion Ended
[2023-12-01 02:01:13,751] 	INFO 	35 	pair_data.py 	<module>() 	Pair Data Fusion Started
[2023-12-01 02:01:28,445] 	INFO 	101 	pair_data.py 	<module>() 	Pair Data Fusion Ended
[2023-12-01 02:01:29,244] 	INFO 	36 	bribe_data.py 	<module>() 	Bribe Data Started
[2023-12-01 02:03:44,111] 	INFO 	157 	bribe_data.py 	<module>() 	Bribe Data Ended
[2023-12-01 02:03:44,928] 	INFO 	36 	fee_data.py 	<module>() 	Fee Data Started
[2023-12-01 02:05:18,816] 	INFO 	157 	fee_data.py 	<module>() 	Fee Data Ended
[2023-12-01 02:05:19,648] 	INFO 	37 	vote_data.py 	<module>() 	Vote Data Started
[2023-12-01 02:05:27,121] 	INFO 	116 	vote_data.py 	<module>() 	Vote Data Ended
[2023-12-01 02:05:27,958] 	INFO 	30 	revenue_data.py 	<module>() 	Revenue Data Started
[2023-12-01 02:05:32,599] 	INFO 	150 	revenue_data.py 	<module>() 	Revenue Data Ended
[2023-12-01 02:05:33,299] 	INFO 	20 	pool_data.py 	<module>() 	Pool Data Started
[2023-12-01 02:05:48,916] 	ERROR 	82 	pool_data.py 	<module>() 	Error occurred during Pool Data process. Error: {'code': -32000, 'message': 'execution aborted (timeout = 5s)'}
Traceback (most recent call last):
  File "pool_data.py", line 53, in <module>
    pool_data = contract_instance.functions.getActivePoolDistributions(pool_address).call()
  File "/opt/hostedtoolcache/Python/3.8.18/x64/lib/python3.8/site-packages/web3/contract.py", line 970, in call
    return call_contract_function(
  File "/opt/hostedtoolcache/Python/3.8.18/x64/lib/python3.8/site-packages/web3/contract.py", line 1525, in call_contract_function
    return_data = web3.eth.call(
  File "/opt/hostedtoolcache/Python/3.8.18/x64/lib/python3.8/site-packages/web3/module.py", line 57, in caller
    result = w3.manager.request_blocking(method_str,
  File "/opt/hostedtoolcache/Python/3.8.18/x64/lib/python3.8/site-packages/web3/manager.py", line 198, in request_blocking
    return self.formatted_response(response,
  File "/opt/hostedtoolcache/Python/3.8.18/x64/lib/python3.8/site-packages/web3/manager.py", line 171, in formatted_response
    raise ValueError(response["error"])
ValueError: {'code': -32000, 'message': 'execution aborted (timeout = 5s)'}
[2023-12-01 02:39:31,175] 	INFO 	20 	id_data.py 	<module>() 	ID Data Started
[2023-12-01 02:39:31,618] 	INFO 	31 	id_data.py 	<module>() 	ID Data Ended
[2023-12-01 02:39:32,204] 	INFO 	24 	day_data.py 	<module>() 	Day Data Fusion Started
[2023-12-01 02:39:35,175] 	INFO 	71 	day_data.py 	<module>() 	Day Data Fusion Ended
[2023-12-01 02:39:36,201] 	INFO 	35 	pair_data.py 	<module>() 	Pair Data Fusion Started
[2023-12-01 02:39:53,192] 	INFO 	101 	pair_data.py 	<module>() 	Pair Data Fusion Ended
[2023-12-01 02:39:53,993] 	INFO 	36 	bribe_data.py 	<module>() 	Bribe Data Started
[2023-12-01 02:41:55,373] 	INFO 	157 	bribe_data.py 	<module>() 	Bribe Data Ended
[2023-12-01 02:41:56,174] 	INFO 	36 	fee_data.py 	<module>() 	Fee Data Started
[2023-12-01 02:43:32,964] 	INFO 	157 	fee_data.py 	<module>() 	Fee Data Ended
[2023-12-01 02:43:33,784] 	INFO 	37 	vote_data.py 	<module>() 	Vote Data Started
[2023-12-01 02:43:42,499] 	INFO 	116 	vote_data.py 	<module>() 	Vote Data Ended
[2023-12-01 02:43:43,309] 	INFO 	30 	revenue_data.py 	<module>() 	Revenue Data Started
[2023-12-01 02:43:49,080] 	INFO 	150 	revenue_data.py 	<module>() 	Revenue Data Ended
[2023-12-01 02:43:49,788] 	INFO 	20 	pool_data.py 	<module>() 	Pool Data Started
[2023-12-01 02:44:05,516] 	ERROR 	82 	pool_data.py 	<module>() 	Error occurred during Pool Data process. Error: {'code': -32000, 'message': 'execution aborted (timeout = 5s)'}
Traceback (most recent call last):
  File "pool_data.py", line 53, in <module>
    pool_data = contract_instance.functions.getActivePoolDistributions(pool_address).call()
  File "/opt/hostedtoolcache/Python/3.8.18/x64/lib/python3.8/site-packages/web3/contract.py", line 970, in call
    return call_contract_function(
  File "/opt/hostedtoolcache/Python/3.8.18/x64/lib/python3.8/site-packages/web3/contract.py", line 1525, in call_contract_function
    return_data = web3.eth.call(
  File "/opt/hostedtoolcache/Python/3.8.18/x64/lib/python3.8/site-packages/web3/module.py", line 57, in caller
    result = w3.manager.request_blocking(method_str,
  File "/opt/hostedtoolcache/Python/3.8.18/x64/lib/python3.8/site-packages/web3/manager.py", line 198, in request_blocking
    return self.formatted_response(response,
  File "/opt/hostedtoolcache/Python/3.8.18/x64/lib/python3.8/site-packages/web3/manager.py", line 171, in formatted_response
    raise ValueError(response["error"])
ValueError: {'code': -32000, 'message': 'execution aborted (timeout = 5s)'}
[2023-12-01 02:49:34,651] 	INFO 	20 	id_data.py 	<module>() 	ID Data Started
[2023-12-01 02:49:34,935] 	INFO 	31 	id_data.py 	<module>() 	ID Data Ended
[2023-12-01 02:49:35,488] 	INFO 	24 	day_data.py 	<module>() 	Day Data Fusion Started
[2023-12-01 02:49:38,580] 	INFO 	71 	day_data.py 	<module>() 	Day Data Fusion Ended
[2023-12-01 02:49:39,555] 	INFO 	35 	pair_data.py 	<module>() 	Pair Data Fusion Started
[2023-12-01 02:49:57,468] 	INFO 	101 	pair_data.py 	<module>() 	Pair Data Fusion Ended
[2023-12-01 02:49:58,242] 	INFO 	36 	bribe_data.py 	<module>() 	Bribe Data Started
[2023-12-01 02:52:05,697] 	INFO 	157 	bribe_data.py 	<module>() 	Bribe Data Ended
[2023-12-01 02:52:06,481] 	INFO 	36 	fee_data.py 	<module>() 	Fee Data Started
[2023-12-01 02:53:37,279] 	INFO 	157 	fee_data.py 	<module>() 	Fee Data Ended
[2023-12-01 02:53:38,063] 	INFO 	37 	vote_data.py 	<module>() 	Vote Data Started
[2023-12-01 02:53:46,624] 	INFO 	116 	vote_data.py 	<module>() 	Vote Data Ended
[2023-12-01 02:53:47,413] 	INFO 	30 	revenue_data.py 	<module>() 	Revenue Data Started
[2023-12-01 02:53:54,676] 	INFO 	150 	revenue_data.py 	<module>() 	Revenue Data Ended
[2023-12-01 02:53:55,364] 	INFO 	20 	pool_data.py 	<module>() 	Pool Data Started
[2023-12-01 02:54:30,355] 	INFO 	80 	pool_data.py 	<module>() 	Pool Data Ended
[2023-12-01 03:12:29,754] 	INFO 	20 	id_data.py 	<module>() 	ID Data Started
[2023-12-01 03:12:30,235] 	INFO 	31 	id_data.py 	<module>() 	ID Data Ended
[2023-12-01 03:12:30,810] 	INFO 	24 	day_data.py 	<module>() 	Day Data Fusion Started
[2023-12-01 03:12:33,806] 	INFO 	71 	day_data.py 	<module>() 	Day Data Fusion Ended
[2023-12-01 03:12:34,875] 	INFO 	35 	pair_data.py 	<module>() 	Pair Data Fusion Started
[2023-12-01 03:12:51,500] 	INFO 	101 	pair_data.py 	<module>() 	Pair Data Fusion Ended
[2023-12-01 03:12:52,272] 	INFO 	36 	bribe_data.py 	<module>() 	Bribe Data Started
[2023-12-01 03:15:01,343] 	INFO 	157 	bribe_data.py 	<module>() 	Bribe Data Ended
[2023-12-01 03:15:02,135] 	INFO 	36 	fee_data.py 	<module>() 	Fee Data Started
[2023-12-01 03:16:40,456] 	INFO 	157 	fee_data.py 	<module>() 	Fee Data Ended
[2023-12-01 03:16:41,243] 	INFO 	37 	vote_data.py 	<module>() 	Vote Data Started
[2023-12-01 03:16:50,355] 	INFO 	116 	vote_data.py 	<module>() 	Vote Data Ended
[2023-12-01 03:16:51,144] 	INFO 	30 	revenue_data.py 	<module>() 	Revenue Data Started
[2023-12-01 03:16:56,188] 	INFO 	150 	revenue_data.py 	<module>() 	Revenue Data Ended
[2023-12-01 03:16:56,876] 	INFO 	20 	pool_data.py 	<module>() 	Pool Data Started
[2023-12-01 03:17:30,113] 	INFO 	80 	pool_data.py 	<module>() 	Pool Data Ended
[2023-12-01 03:25:05,414] 	INFO 	20 	id_data.py 	<module>() 	ID Data Started
[2023-12-01 03:25:06,093] 	INFO 	31 	id_data.py 	<module>() 	ID Data Ended
[2023-12-01 03:25:06,666] 	INFO 	24 	day_data.py 	<module>() 	Day Data Fusion Started
[2023-12-01 03:25:09,602] 	INFO 	71 	day_data.py 	<module>() 	Day Data Fusion Ended
[2023-12-01 03:25:10,555] 	INFO 	35 	pair_data.py 	<module>() 	Pair Data Fusion Started
[2023-12-01 03:25:26,306] 	INFO 	101 	pair_data.py 	<module>() 	Pair Data Fusion Ended
[2023-12-01 03:25:27,077] 	INFO 	36 	bribe_data.py 	<module>() 	Bribe Data Started
[2023-12-01 03:27:36,192] 	INFO 	157 	bribe_data.py 	<module>() 	Bribe Data Ended
[2023-12-01 03:27:36,999] 	INFO 	36 	fee_data.py 	<module>() 	Fee Data Started
[2023-12-01 03:29:07,097] 	INFO 	157 	fee_data.py 	<module>() 	Fee Data Ended
[2023-12-01 03:29:07,876] 	INFO 	37 	vote_data.py 	<module>() 	Vote Data Started
[2023-12-01 03:29:17,361] 	INFO 	116 	vote_data.py 	<module>() 	Vote Data Ended
[2023-12-01 03:29:18,142] 	INFO 	30 	revenue_data.py 	<module>() 	Revenue Data Started
[2023-12-01 03:29:26,322] 	INFO 	150 	revenue_data.py 	<module>() 	Revenue Data Ended
[2023-12-01 03:29:27,009] 	INFO 	20 	pool_data.py 	<module>() 	Pool Data Started
[2023-12-01 03:30:18,216] 	INFO 	80 	pool_data.py 	<module>() 	Pool Data Ended
[2023-12-01 03:35:08,777] 	INFO 	20 	id_data.py 	<module>() 	ID Data Started
[2023-12-01 03:35:09,045] 	INFO 	31 	id_data.py 	<module>() 	ID Data Ended
[2023-12-01 03:35:09,615] 	INFO 	24 	day_data.py 	<module>() 	Day Data Fusion Started
[2023-12-01 03:35:12,412] 	INFO 	71 	day_data.py 	<module>() 	Day Data Fusion Ended
[2023-12-01 03:35:13,456] 	INFO 	35 	pair_data.py 	<module>() 	Pair Data Fusion Started
[2023-12-01 03:35:29,450] 	INFO 	101 	pair_data.py 	<module>() 	Pair Data Fusion Ended
[2023-12-01 03:35:30,221] 	INFO 	36 	bribe_data.py 	<module>() 	Bribe Data Started
[2023-12-01 03:37:30,963] 	INFO 	157 	bribe_data.py 	<module>() 	Bribe Data Ended
[2023-12-01 03:37:31,747] 	INFO 	36 	fee_data.py 	<module>() 	Fee Data Started
[2023-12-01 03:39:02,693] 	INFO 	157 	fee_data.py 	<module>() 	Fee Data Ended
[2023-12-01 03:39:03,484] 	INFO 	37 	vote_data.py 	<module>() 	Vote Data Started
[2023-12-01 03:39:12,359] 	INFO 	116 	vote_data.py 	<module>() 	Vote Data Ended
[2023-12-01 03:39:13,153] 	INFO 	30 	revenue_data.py 	<module>() 	Revenue Data Started
[2023-12-01 03:39:18,712] 	INFO 	150 	revenue_data.py 	<module>() 	Revenue Data Ended
[2023-12-01 03:39:19,407] 	INFO 	20 	pool_data.py 	<module>() 	Pool Data Started
[2023-12-01 03:40:06,718] 	INFO 	80 	pool_data.py 	<module>() 	Pool Data Ended
[2023-12-01 03:49:08,976] 	INFO 	20 	id_data.py 	<module>() 	ID Data Started
[2023-12-01 03:49:09,403] 	INFO 	31 	id_data.py 	<module>() 	ID Data Ended
[2023-12-01 03:49:10,172] 	INFO 	24 	day_data.py 	<module>() 	Day Data Fusion Started
[2023-12-01 03:49:11,504] 	INFO 	71 	day_data.py 	<module>() 	Day Data Fusion Ended
[2023-12-01 03:49:12,834] 	INFO 	35 	pair_data.py 	<module>() 	Pair Data Fusion Started
[2023-12-01 03:49:26,094] 	INFO 	101 	pair_data.py 	<module>() 	Pair Data Fusion Ended
[2023-12-01 03:49:26,883] 	INFO 	36 	bribe_data.py 	<module>() 	Bribe Data Started
[2023-12-01 03:51:30,407] 	INFO 	157 	bribe_data.py 	<module>() 	Bribe Data Ended
[2023-12-01 03:51:31,227] 	INFO 	36 	fee_data.py 	<module>() 	Fee Data Started
[2023-12-01 03:53:00,438] 	INFO 	157 	fee_data.py 	<module>() 	Fee Data Ended
[2023-12-01 03:53:01,269] 	INFO 	37 	vote_data.py 	<module>() 	Vote Data Started
[2023-12-01 03:53:09,567] 	INFO 	116 	vote_data.py 	<module>() 	Vote Data Ended
[2023-12-01 03:53:10,417] 	INFO 	30 	revenue_data.py 	<module>() 	Revenue Data Started
[2023-12-01 03:53:19,420] 	INFO 	150 	revenue_data.py 	<module>() 	Revenue Data Ended
[2023-12-01 03:53:20,158] 	INFO 	20 	pool_data.py 	<module>() 	Pool Data Started
[2023-12-01 03:53:36,205] 	ERROR 	82 	pool_data.py 	<module>() 	Error occurred during Pool Data process. Error: {'code': -32000, 'message': 'execution aborted (timeout = 5s)'}
Traceback (most recent call last):
  File "pool_data.py", line 53, in <module>
    pool_data = contract_instance.functions.getActivePoolDistributions(pool_address).call()
  File "/opt/hostedtoolcache/Python/3.8.18/x64/lib/python3.8/site-packages/web3/contract.py", line 970, in call
    return call_contract_function(
  File "/opt/hostedtoolcache/Python/3.8.18/x64/lib/python3.8/site-packages/web3/contract.py", line 1525, in call_contract_function
    return_data = web3.eth.call(
  File "/opt/hostedtoolcache/Python/3.8.18/x64/lib/python3.8/site-packages/web3/module.py", line 57, in caller
    result = w3.manager.request_blocking(method_str,
  File "/opt/hostedtoolcache/Python/3.8.18/x64/lib/python3.8/site-packages/web3/manager.py", line 198, in request_blocking
    return self.formatted_response(response,
  File "/opt/hostedtoolcache/Python/3.8.18/x64/lib/python3.8/site-packages/web3/manager.py", line 171, in formatted_response
    raise ValueError(response["error"])
ValueError: {'code': -32000, 'message': 'execution aborted (timeout = 5s)'}
[2023-12-01 04:13:50,452] 	INFO 	20 	id_data.py 	<module>() 	ID Data Started
[2023-12-01 04:13:50,720] 	INFO 	31 	id_data.py 	<module>() 	ID Data Ended
[2023-12-01 04:13:51,277] 	INFO 	24 	day_data.py 	<module>() 	Day Data Fusion Started
[2023-12-01 04:13:54,281] 	INFO 	71 	day_data.py 	<module>() 	Day Data Fusion Ended
[2023-12-01 04:13:55,245] 	INFO 	35 	pair_data.py 	<module>() 	Pair Data Fusion Started
[2023-12-01 04:14:11,792] 	INFO 	101 	pair_data.py 	<module>() 	Pair Data Fusion Ended
[2023-12-01 04:14:12,565] 	INFO 	36 	bribe_data.py 	<module>() 	Bribe Data Started
[2023-12-01 04:16:11,014] 	INFO 	157 	bribe_data.py 	<module>() 	Bribe Data Ended
[2023-12-01 04:16:11,808] 	INFO 	36 	fee_data.py 	<module>() 	Fee Data Started
[2023-12-01 04:17:52,476] 	INFO 	157 	fee_data.py 	<module>() 	Fee Data Ended
[2023-12-01 04:17:53,303] 	INFO 	37 	vote_data.py 	<module>() 	Vote Data Started
[2023-12-01 04:18:01,524] 	INFO 	116 	vote_data.py 	<module>() 	Vote Data Ended
[2023-12-01 04:18:02,344] 	INFO 	30 	revenue_data.py 	<module>() 	Revenue Data Started
[2023-12-01 04:18:08,245] 	INFO 	150 	revenue_data.py 	<module>() 	Revenue Data Ended
[2023-12-01 04:18:08,974] 	INFO 	20 	pool_data.py 	<module>() 	Pool Data Started
[2023-12-01 04:18:36,602] 	INFO 	80 	pool_data.py 	<module>() 	Pool Data Ended
[2023-12-01 04:29:41,292] 	INFO 	20 	id_data.py 	<module>() 	ID Data Started
[2023-12-01 04:29:41,512] 	INFO 	31 	id_data.py 	<module>() 	ID Data Ended
[2023-12-01 04:29:42,084] 	INFO 	24 	day_data.py 	<module>() 	Day Data Fusion Started
[2023-12-01 04:29:43,747] 	INFO 	71 	day_data.py 	<module>() 	Day Data Fusion Ended
[2023-12-01 04:29:44,564] 	INFO 	35 	pair_data.py 	<module>() 	Pair Data Fusion Started
[2023-12-01 04:29:58,019] 	INFO 	101 	pair_data.py 	<module>() 	Pair Data Fusion Ended
[2023-12-01 04:29:58,805] 	INFO 	36 	bribe_data.py 	<module>() 	Bribe Data Started
[2023-12-01 04:32:02,876] 	INFO 	157 	bribe_data.py 	<module>() 	Bribe Data Ended
[2023-12-01 04:32:03,675] 	INFO 	36 	fee_data.py 	<module>() 	Fee Data Started
[2023-12-01 04:33:33,865] 	INFO 	157 	fee_data.py 	<module>() 	Fee Data Ended
[2023-12-01 04:33:34,655] 	INFO 	37 	vote_data.py 	<module>() 	Vote Data Started
[2023-12-01 04:33:42,412] 	INFO 	116 	vote_data.py 	<module>() 	Vote Data Ended
[2023-12-01 04:33:43,202] 	INFO 	30 	revenue_data.py 	<module>() 	Revenue Data Started
[2023-12-01 04:33:49,669] 	INFO 	150 	revenue_data.py 	<module>() 	Revenue Data Ended
[2023-12-01 04:33:50,395] 	INFO 	20 	pool_data.py 	<module>() 	Pool Data Started
[2023-12-01 04:34:05,971] 	ERROR 	82 	pool_data.py 	<module>() 	Error occurred during Pool Data process. Error: {'code': -32000, 'message': 'execution aborted (timeout = 5s)'}
Traceback (most recent call last):
  File "pool_data.py", line 53, in <module>
    pool_data = contract_instance.functions.getActivePoolDistributions(pool_address).call()
  File "/opt/hostedtoolcache/Python/3.8.18/x64/lib/python3.8/site-packages/web3/contract.py", line 970, in call
    return call_contract_function(
  File "/opt/hostedtoolcache/Python/3.8.18/x64/lib/python3.8/site-packages/web3/contract.py", line 1525, in call_contract_function
    return_data = web3.eth.call(
  File "/opt/hostedtoolcache/Python/3.8.18/x64/lib/python3.8/site-packages/web3/module.py", line 57, in caller
    result = w3.manager.request_blocking(method_str,
  File "/opt/hostedtoolcache/Python/3.8.18/x64/lib/python3.8/site-packages/web3/manager.py", line 198, in request_blocking
    return self.formatted_response(response,
  File "/opt/hostedtoolcache/Python/3.8.18/x64/lib/python3.8/site-packages/web3/manager.py", line 171, in formatted_response
    raise ValueError(response["error"])
ValueError: {'code': -32000, 'message': 'execution aborted (timeout = 5s)'}
[2023-12-01 04:39:26,373] 	INFO 	20 	id_data.py 	<module>() 	ID Data Started
[2023-12-01 04:39:26,884] 	INFO 	31 	id_data.py 	<module>() 	ID Data Ended
[2023-12-01 04:39:27,545] 	INFO 	24 	day_data.py 	<module>() 	Day Data Fusion Started
[2023-12-01 04:39:29,393] 	INFO 	71 	day_data.py 	<module>() 	Day Data Fusion Ended
[2023-12-01 04:39:30,426] 	INFO 	35 	pair_data.py 	<module>() 	Pair Data Fusion Started
[2023-12-01 04:39:40,972] 	INFO 	101 	pair_data.py 	<module>() 	Pair Data Fusion Ended
[2023-12-01 04:39:41,745] 	INFO 	36 	bribe_data.py 	<module>() 	Bribe Data Started
[2023-12-01 04:41:54,752] 	INFO 	157 	bribe_data.py 	<module>() 	Bribe Data Ended
[2023-12-01 04:41:55,538] 	INFO 	36 	fee_data.py 	<module>() 	Fee Data Started
[2023-12-01 04:43:35,812] 	INFO 	157 	fee_data.py 	<module>() 	Fee Data Ended
[2023-12-01 04:43:36,597] 	INFO 	37 	vote_data.py 	<module>() 	Vote Data Started
[2023-12-01 04:43:44,887] 	INFO 	116 	vote_data.py 	<module>() 	Vote Data Ended
[2023-12-01 04:43:45,676] 	INFO 	30 	revenue_data.py 	<module>() 	Revenue Data Started
[2023-12-01 04:43:49,884] 	INFO 	150 	revenue_data.py 	<module>() 	Revenue Data Ended
[2023-12-01 04:43:50,569] 	INFO 	20 	pool_data.py 	<module>() 	Pool Data Started
[2023-12-01 04:44:44,962] 	INFO 	80 	pool_data.py 	<module>() 	Pool Data Ended
[2023-12-01 04:49:24,271] 	INFO 	20 	id_data.py 	<module>() 	ID Data Started
[2023-12-01 04:49:24,750] 	INFO 	31 	id_data.py 	<module>() 	ID Data Ended
[2023-12-01 04:49:25,426] 	INFO 	24 	day_data.py 	<module>() 	Day Data Fusion Started
[2023-12-01 04:49:27,010] 	INFO 	71 	day_data.py 	<module>() 	Day Data Fusion Ended
[2023-12-01 04:49:28,057] 	INFO 	35 	pair_data.py 	<module>() 	Pair Data Fusion Started
[2023-12-01 04:49:40,422] 	INFO 	101 	pair_data.py 	<module>() 	Pair Data Fusion Ended
[2023-12-01 04:49:41,198] 	INFO 	36 	bribe_data.py 	<module>() 	Bribe Data Started
[2023-12-01 04:51:37,798] 	INFO 	157 	bribe_data.py 	<module>() 	Bribe Data Ended
[2023-12-01 04:51:38,597] 	INFO 	36 	fee_data.py 	<module>() 	Fee Data Started
[2023-12-01 04:53:01,943] 	INFO 	157 	fee_data.py 	<module>() 	Fee Data Ended
[2023-12-01 04:53:02,780] 	INFO 	37 	vote_data.py 	<module>() 	Vote Data Started
[2023-12-01 04:53:09,969] 	INFO 	116 	vote_data.py 	<module>() 	Vote Data Ended
[2023-12-01 04:53:10,774] 	INFO 	30 	revenue_data.py 	<module>() 	Revenue Data Started
[2023-12-01 04:53:14,694] 	INFO 	150 	revenue_data.py 	<module>() 	Revenue Data Ended
[2023-12-01 04:53:15,393] 	INFO 	20 	pool_data.py 	<module>() 	Pool Data Started
[2023-12-01 04:53:33,633] 	ERROR 	82 	pool_data.py 	<module>() 	Error occurred during Pool Data process. Error: {'code': -32000, 'message': 'execution aborted (timeout = 5s)'}
Traceback (most recent call last):
  File "pool_data.py", line 53, in <module>
    pool_data = contract_instance.functions.getActivePoolDistributions(pool_address).call()
  File "/opt/hostedtoolcache/Python/3.8.18/x64/lib/python3.8/site-packages/web3/contract.py", line 970, in call
    return call_contract_function(
  File "/opt/hostedtoolcache/Python/3.8.18/x64/lib/python3.8/site-packages/web3/contract.py", line 1525, in call_contract_function
    return_data = web3.eth.call(
  File "/opt/hostedtoolcache/Python/3.8.18/x64/lib/python3.8/site-packages/web3/module.py", line 57, in caller
    result = w3.manager.request_blocking(method_str,
  File "/opt/hostedtoolcache/Python/3.8.18/x64/lib/python3.8/site-packages/web3/manager.py", line 198, in request_blocking
    return self.formatted_response(response,
  File "/opt/hostedtoolcache/Python/3.8.18/x64/lib/python3.8/site-packages/web3/manager.py", line 171, in formatted_response
    raise ValueError(response["error"])
ValueError: {'code': -32000, 'message': 'execution aborted (timeout = 5s)'}
[2023-12-01 05:11:06,486] 	INFO 	20 	id_data.py 	<module>() 	ID Data Started
[2023-12-01 05:11:06,743] 	INFO 	31 	id_data.py 	<module>() 	ID Data Ended
[2023-12-01 05:11:07,386] 	INFO 	24 	day_data.py 	<module>() 	Day Data Fusion Started
[2023-12-01 05:11:10,470] 	INFO 	71 	day_data.py 	<module>() 	Day Data Fusion Ended
[2023-12-01 05:11:11,283] 	INFO 	35 	pair_data.py 	<module>() 	Pair Data Fusion Started
[2023-12-01 05:11:26,381] 	INFO 	101 	pair_data.py 	<module>() 	Pair Data Fusion Ended
[2023-12-01 05:11:27,154] 	INFO 	36 	bribe_data.py 	<module>() 	Bribe Data Started
[2023-12-01 05:13:07,984] 	INFO 	157 	bribe_data.py 	<module>() 	Bribe Data Ended
[2023-12-01 05:13:08,787] 	INFO 	36 	fee_data.py 	<module>() 	Fee Data Started
[2023-12-01 05:14:22,458] 	INFO 	157 	fee_data.py 	<module>() 	Fee Data Ended
[2023-12-01 05:14:23,254] 	INFO 	37 	vote_data.py 	<module>() 	Vote Data Started
[2023-12-01 05:14:30,956] 	INFO 	116 	vote_data.py 	<module>() 	Vote Data Ended
[2023-12-01 05:14:31,749] 	INFO 	30 	revenue_data.py 	<module>() 	Revenue Data Started
[2023-12-01 05:14:37,194] 	INFO 	150 	revenue_data.py 	<module>() 	Revenue Data Ended
[2023-12-01 05:14:37,885] 	INFO 	20 	pool_data.py 	<module>() 	Pool Data Started
[2023-12-01 05:15:01,617] 	INFO 	80 	pool_data.py 	<module>() 	Pool Data Ended
