[2023-08-01 01:38:41,007] 	INFO 	20 	id_data.py 	<module>() 	ID Data Started
[2023-08-01 01:38:41,935] 	INFO 	31 	id_data.py 	<module>() 	ID Data Ended
[2023-08-01 01:38:42,762] 	INFO 	79 	day_data.py 	<module>() 	Day Data Fusion Started
[2023-08-01 01:38:46,455] 	INFO 	126 	day_data.py 	<module>() 	Day Data Fusion Ended
[2023-08-01 01:38:47,890] 	INFO 	123 	pair_data.py 	<module>() 	Pair Data Fusion Started
[2023-08-01 01:39:01,309] 	INFO 	187 	pair_data.py 	<module>() 	Pair Data Fusion Ended
[2023-08-01 01:39:02,609] 	INFO 	37 	bribe_data.py 	<module>() 	Bribe Data Started
[2023-08-01 01:40:01,463] 	INFO 	136 	bribe_data.py 	<module>() 	Bribe Data Ended
[2023-08-01 01:40:02,645] 	INFO 	37 	fee_data.py 	<module>() 	Fee Data Started
[2023-08-01 01:41:00,472] 	INFO 	136 	fee_data.py 	<module>() 	Fee Data Ended
[2023-08-01 01:41:01,362] 	INFO 	24 	revenue_data.py 	<module>() 	Revenue Data Started
[2023-08-01 01:41:05,681] 	INFO 	82 	revenue_data.py 	<module>() 	Revenue Data Ended
[2023-08-01 02:37:53,290] 	INFO 	20 	id_data.py 	<module>() 	ID Data Started
[2023-08-01 02:37:53,595] 	INFO 	31 	id_data.py 	<module>() 	ID Data Ended
[2023-08-01 02:37:54,269] 	INFO 	79 	day_data.py 	<module>() 	Day Data Fusion Started
[2023-08-01 02:37:58,120] 	INFO 	126 	day_data.py 	<module>() 	Day Data Fusion Ended
[2023-08-01 02:37:59,320] 	INFO 	123 	pair_data.py 	<module>() 	Pair Data Fusion Started
[2023-08-01 02:38:10,540] 	INFO 	187 	pair_data.py 	<module>() 	Pair Data Fusion Ended
[2023-08-01 02:38:11,622] 	INFO 	37 	bribe_data.py 	<module>() 	Bribe Data Started
[2023-08-01 02:38:53,749] 	INFO 	136 	bribe_data.py 	<module>() 	Bribe Data Ended
[2023-08-01 02:38:54,771] 	INFO 	37 	fee_data.py 	<module>() 	Fee Data Started
[2023-08-01 02:39:36,225] 	INFO 	136 	fee_data.py 	<module>() 	Fee Data Ended
[2023-08-01 02:39:36,925] 	INFO 	24 	revenue_data.py 	<module>() 	Revenue Data Started
[2023-08-01 02:39:40,514] 	INFO 	82 	revenue_data.py 	<module>() 	Revenue Data Ended
