[2023-09-01 00:51:21,737] 	INFO 	20 	id_data.py 	<module>() 	ID Data Started
[2023-09-01 00:51:22,402] 	INFO 	31 	id_data.py 	<module>() 	ID Data Ended
[2023-09-01 00:51:22,975] 	INFO 	24 	day_data.py 	<module>() 	Day Data Fusion Started
[2023-09-01 00:51:25,684] 	INFO 	71 	day_data.py 	<module>() 	Day Data Fusion Ended
[2023-09-01 00:51:26,608] 	INFO 	35 	pair_data.py 	<module>() 	Pair Data Fusion Started
[2023-09-01 00:51:42,568] 	INFO 	101 	pair_data.py 	<module>() 	Pair Data Fusion Ended
[2023-09-01 00:51:43,444] 	INFO 	36 	bribe_data.py 	<module>() 	Bribe Data Started
[2023-09-01 00:52:58,238] 	INFO 	157 	bribe_data.py 	<module>() 	Bribe Data Ended
[2023-09-01 00:52:59,129] 	INFO 	36 	fee_data.py 	<module>() 	Fee Data Started
[2023-09-01 00:54:02,064] 	ERROR 	159 	fee_data.py 	<module>() 	Error occurred during Fee Data process. Error: Fee DF is Empty.
Traceback (most recent call last):
  File "fee_data.py", line 90, in <module>
    raise Exception("Fee DF is Empty.")
Exception: Fee DF is Empty.
[2023-09-01 00:54:02,959] 	INFO 	37 	vote_data.py 	<module>() 	Vote Data Started
[2023-09-01 00:54:09,655] 	INFO 	116 	vote_data.py 	<module>() 	Vote Data Ended
[2023-09-01 00:54:10,547] 	INFO 	30 	revenue_data.py 	<module>() 	Revenue Data Started
[2023-09-01 00:54:16,296] 	INFO 	150 	revenue_data.py 	<module>() 	Revenue Data Ended
[2023-09-01 00:54:17,079] 	INFO 	20 	pool_data.py 	<module>() 	Pool Data Started
[2023-09-01 00:54:25,136] 	INFO 	80 	pool_data.py 	<module>() 	Pool Data Ended
